2024-02-15 00:46:55,516 - ERROR - -----The company(삼성전자) don't have any finstate before 2022!------
2024-02-15 00:46:55,998 - ERROR - -----The company(SK하이닉스) don't have any finstate before 2022!------
2024-02-15 00:46:56,324 - ERROR - -----The company(373220) don't have any finstate before 2019!------
2024-02-15 00:46:56,769 - ERROR - -----The company(삼성바이오로직스) don't have any finstate before 2022!------
2024-02-15 00:46:57,240 - ERROR - -----The company(현대차) don't have any finstate before 2022!------
2024-02-15 00:46:57,250 - ERROR - -----The company(005935) don't have any finstate before 2022!------
2024-02-15 00:46:57,704 - ERROR - -----The company(기아) don't have any finstate before 2022!------
2024-02-15 00:46:58,163 - ERROR - -----The company(셀트리온) don't have any finstate before 2022!------
2024-02-15 00:46:58,622 - ERROR - -----The company(POSCO홀딩스) don't have any finstate before 2022!------
2024-02-15 00:46:59,095 - ERROR - -----The company(NAVER) don't have any finstate before 2022!------
2024-02-15 00:46:59,592 - ERROR - -----The company(LG화학) don't have any finstate before 2022!------
2024-02-15 00:47:00,096 - ERROR - -----The company(삼성물산) don't have any finstate before 2022!------
2024-02-15 00:47:00,436 - ERROR - -----The company(105560) don't have any finstate before 2019!------
2024-02-15 00:47:00,942 - ERROR - -----The company(삼성SDI) don't have any finstate before 2022!------
2024-02-15 00:47:01,395 - ERROR - -----The company(카카오) don't have any finstate before 2022!------
2024-02-15 00:47:01,705 - ERROR - -----The company(055550) don't have any finstate before 2019!------
2024-02-15 00:47:02,203 - ERROR - -----The company(현대모비스) don't have any finstate before 2022!------
2024-02-15 00:47:02,665 - ERROR - -----The company(포스코퓨처엠) don't have any finstate before 2022!------
2024-02-15 00:47:02,968 - ERROR - -----The company(032830) don't have any finstate before 2019!------
2024-02-15 00:47:03,488 - ERROR - -----The company(LG전자) don't have any finstate before 2022!------
2024-02-15 00:47:03,812 - ERROR - -----The company(086790) don't have any finstate before 2019!------
2024-02-15 00:47:04,134 - ERROR - -----The company(000810) don't have any finstate before 2019!------
2024-02-15 00:47:04,602 - ERROR - -----The company(LG) don't have any finstate before 2022!------
2024-02-15 00:47:04,889 - ERROR - -----The company(138040) don't have any finstate before 2019!------
2024-02-15 00:47:05,166 - ERROR - -----The company(450080) don't have any finstate before 2019!------
2024-02-15 00:47:05,636 - ERROR - -----The company(SK) don't have any finstate before 2022!------
2024-02-15 00:47:23,757 - ERROR - -----The company(삼성전자) don't have any finstate before 2022!------
2024-02-15 00:47:24,210 - ERROR - -----The company(SK하이닉스) don't have any finstate before 2022!------
2024-02-15 00:47:24,508 - ERROR - -----The company(373220) don't have any finstate before 2019!------
2024-02-15 00:47:24,954 - ERROR - -----The company(삼성바이오로직스) don't have any finstate before 2022!------
2024-02-15 00:47:25,423 - ERROR - -----The company(현대차) don't have any finstate before 2022!------
2024-02-15 00:47:25,429 - ERROR - -----The company(005935) don't have any finstate before 2022!------
2024-02-15 00:47:25,885 - ERROR - -----The company(기아) don't have any finstate before 2022!------
2024-02-15 00:47:26,368 - ERROR - -----The company(셀트리온) don't have any finstate before 2022!------
2024-02-15 00:47:26,818 - ERROR - -----The company(POSCO홀딩스) don't have any finstate before 2022!------
2024-02-15 00:47:27,277 - ERROR - -----The company(NAVER) don't have any finstate before 2022!------
2024-02-15 00:47:27,719 - ERROR - -----The company(LG화학) don't have any finstate before 2022!------
2024-02-15 00:47:28,144 - ERROR - -----The company(삼성물산) don't have any finstate before 2022!------
2024-02-15 00:47:28,446 - ERROR - -----The company(105560) don't have any finstate before 2019!------
2024-02-15 00:47:28,889 - ERROR - -----The company(삼성SDI) don't have any finstate before 2022!------
2024-02-15 00:47:29,397 - ERROR - -----The company(카카오) don't have any finstate before 2022!------
2024-02-15 00:47:29,694 - ERROR - -----The company(055550) don't have any finstate before 2019!------
2024-02-15 00:47:30,157 - ERROR - -----The company(포스코퓨처엠) don't have any finstate before 2022!------
2024-02-15 00:47:30,596 - ERROR - -----The company(현대모비스) don't have any finstate before 2022!------
2024-02-15 00:47:31,073 - ERROR - -----The company(LG전자) don't have any finstate before 2022!------
2024-02-15 00:47:31,404 - ERROR - -----The company(032830) don't have any finstate before 2019!------
2024-02-15 00:47:31,707 - ERROR - -----The company(086790) don't have any finstate before 2019!------
2024-02-15 00:47:32,023 - ERROR - -----The company(138040) don't have any finstate before 2019!------
2024-02-15 00:47:32,476 - ERROR - -----The company(LG) don't have any finstate before 2022!------
2024-02-15 00:47:32,786 - ERROR - -----The company(323410) don't have any finstate before 2019!------
2024-02-15 00:47:33,107 - ERROR - -----The company(000810) don't have any finstate before 2019!------
2024-02-15 00:47:33,542 - ERROR - -----The company(SK) don't have any finstate before 2022!------
2024-02-15 00:47:33,821 - ERROR - -----The company(450080) don't have any finstate before 2019!------
2024-02-15 00:47:34,291 - ERROR - -----The company(한국전력) don't have any finstate before 2022!------
2024-02-15 00:47:34,777 - ERROR - -----The company(SK이노베이션) don't have any finstate before 2022!------
2024-02-15 00:47:35,271 - ERROR - -----The company(HMM) don't have any finstate before 2022!------
2024-02-15 00:47:35,765 - ERROR - -----The company(KT&G) don't have any finstate before 2022!------
2024-02-15 00:47:36,200 - ERROR - -----The company(삼성에스디에스) don't have any finstate before 2022!------
2024-02-15 00:47:36,566 - ERROR - -----The company(259960) don't have any finstate before 2019!------
2024-02-15 00:47:37,066 - ERROR - -----The company(SK텔레콤) don't have any finstate before 2022!------
2024-02-15 00:47:37,366 - ERROR - -----The company(024110) don't have any finstate before 2019!------
2024-02-15 00:47:37,722 - ERROR - -----The company(316140) don't have any finstate before 2019!------
2024-02-15 00:47:38,198 - ERROR - -----The company(삼성전기) don't have any finstate before 2022!------
2024-02-15 00:47:38,482 - ERROR - -----The company(034020) don't have any finstate before 2019!------
2024-02-15 00:48:37,490 - ERROR - -----The company(삼성전자) don't have any finstate before 2022!------
2024-02-15 00:48:37,955 - ERROR - -----The company(SK하이닉스) don't have any finstate before 2022!------
2024-02-15 00:48:38,267 - ERROR - -----The company(373220) don't have any finstate before 2019!------
2024-02-15 00:48:38,718 - ERROR - -----The company(삼성바이오로직스) don't have any finstate before 2022!------
2024-02-15 00:48:39,234 - ERROR - -----The company(현대차) don't have any finstate before 2022!------
2024-02-15 00:48:39,241 - ERROR - -----The company(005935) don't have any finstate before 2022!------
2024-02-15 00:48:39,673 - ERROR - -----The company(기아) don't have any finstate before 2022!------
2024-02-15 00:48:40,109 - ERROR - -----The company(셀트리온) don't have any finstate before 2022!------
2024-02-15 00:48:40,557 - ERROR - -----The company(POSCO홀딩스) don't have any finstate before 2022!------
2024-02-15 00:48:41,029 - ERROR - -----The company(NAVER) don't have any finstate before 2022!------
2024-02-15 00:48:41,475 - ERROR - -----The company(LG화학) don't have any finstate before 2022!------
2024-02-15 00:48:41,937 - ERROR - -----The company(삼성물산) don't have any finstate before 2022!------
2024-02-15 00:48:42,247 - ERROR - -----The company(105560) don't have any finstate before 2019!------
2024-02-15 00:48:42,694 - ERROR - -----The company(삼성SDI) don't have any finstate before 2022!------
2024-02-15 00:48:43,178 - ERROR - -----The company(카카오) don't have any finstate before 2022!------
2024-02-15 00:48:43,475 - ERROR - -----The company(055550) don't have any finstate before 2019!------
2024-02-15 00:48:43,950 - ERROR - -----The company(포스코퓨처엠) don't have any finstate before 2022!------
2024-02-15 00:48:44,413 - ERROR - -----The company(현대모비스) don't have any finstate before 2022!------
2024-02-15 00:48:44,903 - ERROR - -----The company(LG전자) don't have any finstate before 2022!------
2024-02-15 00:48:45,215 - ERROR - -----The company(032830) don't have any finstate before 2019!------
2024-02-15 00:48:45,547 - ERROR - -----The company(086790) don't have any finstate before 2019!------
2024-02-15 00:48:45,855 - ERROR - -----The company(138040) don't have any finstate before 2019!------
2024-02-15 00:48:46,308 - ERROR - -----The company(LG) don't have any finstate before 2022!------
2024-02-15 00:48:46,596 - ERROR - -----The company(323410) don't have any finstate before 2019!------
2024-02-15 00:48:46,904 - ERROR - -----The company(000810) don't have any finstate before 2019!------
2024-02-15 00:48:47,388 - ERROR - -----The company(SK) don't have any finstate before 2022!------
2024-02-15 00:48:47,711 - ERROR - -----The company(450080) don't have any finstate before 2019!------
2024-02-15 00:48:48,238 - ERROR - -----The company(한국전력) don't have any finstate before 2022!------
2024-02-15 00:48:48,755 - ERROR - -----The company(SK이노베이션) don't have any finstate before 2022!------
2024-02-15 00:48:49,237 - ERROR - -----The company(HMM) don't have any finstate before 2022!------
2024-02-15 00:48:49,709 - ERROR - -----The company(KT&G) don't have any finstate before 2022!------
2024-02-15 00:48:50,153 - ERROR - -----The company(삼성에스디에스) don't have any finstate before 2022!------
2024-02-15 00:48:50,467 - ERROR - -----The company(259960) don't have any finstate before 2019!------
2024-02-15 00:48:50,918 - ERROR - -----The company(SK텔레콤) don't have any finstate before 2022!------
2024-02-15 00:48:51,223 - ERROR - -----The company(024110) don't have any finstate before 2019!------
2024-02-15 00:48:51,581 - ERROR - -----The company(316140) don't have any finstate before 2019!------
2024-02-15 00:48:52,028 - ERROR - -----The company(삼성전기) don't have any finstate before 2022!------
2024-02-15 00:48:52,469 - ERROR - -----The company(두산에너빌리티) don't have any finstate before 2022!------
2024-02-15 00:48:52,917 - ERROR - -----The company(KT) don't have any finstate before 2022!------
2024-02-15 00:48:53,195 - ERROR - -----The company(329180) don't have any finstate before 2019!------
2024-02-15 00:48:53,646 - ERROR - -----The company(포스코인터내셔널) don't have any finstate before 2022!------
2024-02-15 00:50:08,955 - ERROR - -----The company(373220) don't have any finstate before 2019!------
2024-02-15 00:50:10,534 - ERROR - -----The company(005935) don't have any finstate before 2022!------
2024-02-15 00:50:15,553 - ERROR - -----The company(105560) don't have any finstate before 2019!------
2024-02-15 00:50:17,334 - ERROR - -----The company(055550) don't have any finstate before 2019!------
2024-02-15 00:50:19,891 - ERROR - -----The company(032830) don't have any finstate before 2019!------
2024-02-15 00:50:20,162 - ERROR - -----The company(086790) don't have any finstate before 2019!------
2024-02-15 00:50:20,460 - ERROR - -----The company(138040) don't have any finstate before 2019!------
2024-02-15 00:50:21,514 - ERROR - -----The company(323410) don't have any finstate before 2019!------
2024-02-15 00:50:21,846 - ERROR - -----The company(000810) don't have any finstate before 2019!------
2024-02-15 00:50:22,915 - ERROR - -----The company(450080) don't have any finstate before 2019!------
2024-02-15 00:50:27,121 - ERROR - -----The company(259960) don't have any finstate before 2019!------
2024-02-15 00:50:28,222 - ERROR - -----The company(024110) don't have any finstate before 2019!------
2024-02-15 00:50:28,494 - ERROR - -----The company(316140) don't have any finstate before 2019!------
2024-02-15 00:50:31,246 - ERROR - -----The company(329180) don't have any finstate before 2019!------
2024-02-15 00:50:33,210 - ERROR - -----The company(352820) don't have any finstate before 2019!------
2024-02-15 00:50:35,323 - ERROR - -----The company(402340) don't have any finstate before 2019!------
2024-02-15 00:50:41,154 - ERROR - -----The company(326030) don't have any finstate before 2019!------
2024-02-15 00:50:41,453 - ERROR - -----The company(005830) don't have any finstate before 2019!------
2024-02-15 00:50:43,295 - ERROR - -----The company(377300) don't have any finstate before 2019!------
2024-02-15 00:50:44,097 - ERROR - -----The company(005387) don't have any finstate before 2022!------
2024-02-15 00:50:46,596 - ERROR - -----The company(088980) don't have any finstate before 2022!------
2024-02-15 00:50:47,725 - ERROR - -----The company(454910) don't have any finstate before 2022!------
2024-02-15 00:50:49,615 - ERROR - -----The company(006800) don't have any finstate before 2019!------
2024-02-15 00:50:51,443 - ERROR - -----The company(302440) don't have any finstate before 2019!------
2024-02-15 00:50:52,504 - ERROR - -----The company(361610) don't have any finstate before 2019!------
2024-02-15 00:51:00,793 - ERROR - Given date not in the dataframe 'sp_data'
2024-02-15 00:51:03,555 - ERROR - -----The company(029780) don't have any finstate before 2019!------
2024-02-15 00:51:04,404 - ERROR - HTTPSConnectionPool(host='opendart.fss.or.kr', port=443): Max retries exceeded with url: /api/stockTotqySttus.json?crtfc_key=c9c3e33ebd69e0180bafc54c2ed7f47f44663bf5&corp_code=00106368&bsns_year=2022&reprt_code=11011 (Caused by SSLError(SSLEOFError(8, '[SSL: UNEXPECTED_EOF_WHILE_READING] EOF occurred in violation of protocol (_ssl.c:1007)')))
2024-02-15 00:51:09,325 - ERROR - -----The company(005385) don't have any finstate before 2022!------
2024-02-15 00:51:10,443 - ERROR - -----The company(071050) don't have any finstate before 2019!------
2024-02-15 00:51:10,807 - ERROR - -----The company(005940) don't have any finstate before 2019!------
2024-02-15 00:51:13,386 - ERROR - -----The company(016360) don't have any finstate before 2019!------
